out. 18, 2025 8:17:55 AM liquibase.changelog
INFO: Reading resource: db/changelog/migrations/db.changelog-202510131000.sql
out. 18, 2025 8:17:55 AM liquibase.changelog
INFO: Reading resource: db/changelog/migrations/db.changelog-202510141000.sql
out. 18, 2025 8:17:55 AM liquibase.changelog
INFO: Reading resource: db/changelog/migrations/db.changelog-202510141001.sql
out. 18, 2025 8:17:55 AM liquibase.changelog
INFO: Reading resource: db/changelog/migrations/db.changelog-202510141002.sql
out. 18, 2025 8:17:56 AM liquibase.changelog
INFO: Reading from boarddb.DATABASECHANGELOG
Database is up to date, no changesets to execute
out. 18, 2025 8:17:56 AM liquibase.changelog
INFO: Reading from boarddb.DATABASECHANGELOG

UPDATE SUMMARY
Run:                          0
Previously run:               4
Filtered out:                 0
-------------------------------
Total change sets:            4

out. 18, 2025 8:17:56 AM liquibase.util
INFO: UPDATE SUMMARY
out. 18, 2025 8:17:56 AM liquibase.util
INFO: Run:                          0
out. 18, 2025 8:17:56 AM liquibase.util
INFO: Previously run:               4
out. 18, 2025 8:17:56 AM liquibase.util
INFO: Filtered out:                 0
out. 18, 2025 8:17:56 AM liquibase.util
INFO: -------------------------------
out. 18, 2025 8:17:56 AM liquibase.util
INFO: Total change sets:            4
out. 18, 2025 8:17:56 AM liquibase.util
INFO: Update summary generated
out. 18, 2025 8:17:56 AM liquibase.lockservice
INFO: Successfully released change log lock
out. 18, 2025 8:17:56 AM liquibase.command
INFO: Command execution complete
